0 silly input [ 'publish' ]
1 silly flags { _: [ 'publish' ], 'reject-cycles': false, rejectCycles: false }
2 verbose rootPath /home/luisricardo/alkanza/lab/lerna-repo
3 info version 2.11.0
4 silly isInitialized
5 silly isInitialized true
6 silly existsSync /home/luisricardo/alkanza/lab/lerna-repo/VERSION
7 info versioning independent
8 silly initialize attempt
9 silly isDetachedHead
10 silly getCurrentBranch
11 verbose getCurrentBranch master
12 verbose isDetachedHead false
13 silly getCurrentBranch
14 verbose getCurrentBranch master
15 silly getUpdates
16 info Checking for updated packages...
17 silly hasTags
18 verbose hasTags true
19 silly getLastTag
20 verbose getLastTag @luisli88/questionary-component@1.0.7
21 info Comparing with @luisli88/questionary-component@1.0.7.
22 silly diffSinceIn @luisli88/questionary-component@1.0.7 packages/questionary-component
23 silly diff packages/questionary-component/index.js
24 silly diffSinceIn @luisli88/questionary-component@1.0.7 packages/region-component
25 silly diff packages/region-component/index.js
26 silly diffSinceIn @luisli88/questionary-component@1.0.7 packages/test-luisli-component
27 silly diff packages/test-luisli-component/package.json
28 verbose updated @luisli88/questionary-component
29 verbose updated @luisli88/region-component
30 verbose updated @luisli88/test-luisli-component
31 info Checking for prereleased packages...
32 silly collectDependents
33 silly isPackageDependentOf @luisli88/questionary-component @luisli88/questionary-component
34 silly isPackageDependentOf @luisli88/questionary-component @luisli88/region-component
35 silly isPackageDependentOf @luisli88/questionary-component @luisli88/test-luisli-component
36 silly isPackageDependentOf @luisli88/region-component @luisli88/questionary-component
37 silly isPackageDependentOf @luisli88/region-component @luisli88/region-component
38 silly isPackageDependentOf @luisli88/region-component @luisli88/test-luisli-component
39 silly isPackageDependentOf @luisli88/test-luisli-component @luisli88/questionary-component
40 verbose dependent @luisli88/test-luisli-component depends on @luisli88/questionary-component
41 silly isPackageDependentOf @luisli88/test-luisli-component @luisli88/region-component
42 verbose dependent @luisli88/test-luisli-component depends on @luisli88/region-component
43 silly isPackageDependentOf @luisli88/test-luisli-component @luisli88/test-luisli-component
44 silly isPackageDependentOf @luisli88/questionary-component @luisli88/test-luisli-component
45 silly isPackageDependentOf @luisli88/region-component @luisli88/test-luisli-component
46 silly collectUpdates
47 verbose has filtered update @luisli88/questionary-component
48 verbose has filtered update @luisli88/region-component
49 verbose has filtered update @luisli88/test-luisli-component
50 silly initialize success
51 silly execute attempt
52 silly runScriptSync preversion @luisli88/lerna-repo
53 silly runScriptSync preversion @luisli88/questionary-component
54 silly runScriptSync version @luisli88/questionary-component
55 silly runScriptSync preversion @luisli88/region-component
56 silly runScriptSync version @luisli88/region-component
57 silly runScriptSync preversion @luisli88/test-luisli-component
58 silly runScriptSync version @luisli88/test-luisli-component
59 silly runScriptSync version @luisli88/lerna-repo
60 silly addFile /home/luisricardo/alkanza/lab/lerna-repo/packages/questionary-component/package.json
61 silly addFile /home/luisricardo/alkanza/lab/lerna-repo/packages/region-component/package.json
62 silly addFile /home/luisricardo/alkanza/lab/lerna-repo/packages/test-luisli-component/package.json
63 silly commit Publish
63 silly commit
63 silly commit  - @luisli88/questionary-component@1.0.8
63 silly commit  - @luisli88/region-component@1.0.8
63 silly commit  - @luisli88/test-luisli-component@1.0.7
64 verbose commit [ 'commit',
64 verbose commit   '--no-verify',
64 verbose commit   '-F',
64 verbose commit   '/tmp/8f492d59-246f-4834-9f88-eee71cd463e5/lerna-commit.txt' ]
65 silly addTag @luisli88/questionary-component@1.0.8
66 silly addTag @luisli88/region-component@1.0.8
67 silly addTag @luisli88/test-luisli-component@1.0.7
68 silly runScriptSync postversion @luisli88/questionary-component
69 silly runScriptSync postversion @luisli88/region-component
70 silly runScriptSync postversion @luisli88/test-luisli-component
71 silly runScriptSync postversion @luisli88/lerna-repo
72 info publish Publishing packages to npm...
73 silly existsSync /home/luisricardo/alkanza/lab/lerna-repo/packages/questionary-component/scripts/prepublish.js
74 verbose execScript No prepublish script found at /home/luisricardo/alkanza/lab/lerna-repo/packages/questionary-component/scripts/prepublish.js
75 silly existsSync /home/luisricardo/alkanza/lab/lerna-repo/packages/region-component/scripts/prepublish.js
76 verbose execScript No prepublish script found at /home/luisricardo/alkanza/lab/lerna-repo/packages/region-component/scripts/prepublish.js
77 silly existsSync /home/luisricardo/alkanza/lab/lerna-repo/packages/test-luisli-component/scripts/prepublish.js
78 verbose execScript No prepublish script found at /home/luisricardo/alkanza/lab/lerna-repo/packages/test-luisli-component/scripts/prepublish.js
79 verbose publishing @luisli88/questionary-component
80 silly publishTaggedInDir latest questionary-component
81 silly getExecOpts { cwd: '/home/luisricardo/alkanza/lab/lerna-repo/packages/questionary-component' }
82 verbose publishing @luisli88/region-component
83 silly publishTaggedInDir latest region-component
84 silly getExecOpts { cwd: '/home/luisricardo/alkanza/lab/lerna-repo/packages/region-component' }
85 error publish Retrying failed publish: @luisli88/questionary-component
86 verbose publish error undefined
87 verbose publishing @luisli88/questionary-component
88 silly publishTaggedInDir latest questionary-component
89 silly getExecOpts { cwd: '/home/luisricardo/alkanza/lab/lerna-repo/packages/questionary-component' }
90 error publish Retrying failed publish: @luisli88/region-component
91 verbose publish error undefined
92 verbose publishing @luisli88/region-component
93 silly publishTaggedInDir latest region-component
94 silly getExecOpts { cwd: '/home/luisricardo/alkanza/lab/lerna-repo/packages/region-component' }
95 error publish Retrying failed publish: @luisli88/questionary-component
96 verbose publish error undefined
97 verbose publishing @luisli88/questionary-component
98 silly publishTaggedInDir latest questionary-component
99 silly getExecOpts { cwd: '/home/luisricardo/alkanza/lab/lerna-repo/packages/questionary-component' }
100 error publish Retrying failed publish: @luisli88/region-component
101 verbose publish error undefined
102 verbose publishing @luisli88/region-component
103 silly publishTaggedInDir latest region-component
104 silly getExecOpts { cwd: '/home/luisricardo/alkanza/lab/lerna-repo/packages/region-component' }
105 error publish Retrying failed publish: @luisli88/questionary-component
106 verbose publish error undefined
107 verbose publishing @luisli88/questionary-component
108 silly publishTaggedInDir latest questionary-component
109 silly getExecOpts { cwd: '/home/luisricardo/alkanza/lab/lerna-repo/packages/questionary-component' }
110 error publish Retrying failed publish: @luisli88/region-component
111 verbose publish error undefined
112 verbose publishing @luisli88/region-component
113 silly publishTaggedInDir latest region-component
114 silly getExecOpts { cwd: '/home/luisricardo/alkanza/lab/lerna-repo/packages/region-component' }
115 error publish Retrying failed publish: @luisli88/questionary-component
116 verbose publish error undefined
117 verbose publishing @luisli88/questionary-component
118 silly publishTaggedInDir latest questionary-component
119 silly getExecOpts { cwd: '/home/luisricardo/alkanza/lab/lerna-repo/packages/questionary-component' }
120 error publish Retrying failed publish: @luisli88/region-component
121 verbose publish error undefined
122 verbose publishing @luisli88/region-component
123 silly publishTaggedInDir latest region-component
124 silly getExecOpts { cwd: '/home/luisricardo/alkanza/lab/lerna-repo/packages/region-component' }
125 error publish Ran out of retries while publishing @luisli88/questionary-component Error: Command failed: npm publish --tag latest
125 error publish npm ERR! code ENEEDAUTH
125 error publish npm ERR! need auth auth required for publishing
125 error publish npm ERR! need auth You need to authorize this machine using `npm adduser`
125 error publish
125 error publish npm ERR! A complete log of this run can be found in:
125 error publish npm ERR!     /home/luisricardo/.npm/_logs/2018-06-27T18_41_19_439Z-debug.log
125 error publish
125 error publish     at Promise.all.then.arr (/usr/local/lib/node_modules/lerna/node_modules/execa/index.js:236:11)
125 error publish     at <anonymous>
125 error publish     at process._tickCallback (internal/process/next_tick.js:188:7)
126 error execute callback with error
127 error Error: Command failed: npm publish --tag latest
127 error npm ERR! code ENEEDAUTH
127 error npm ERR! need auth auth required for publishing
127 error npm ERR! need auth You need to authorize this machine using `npm adduser`
127 error
127 error npm ERR! A complete log of this run can be found in:
127 error npm ERR!     /home/luisricardo/.npm/_logs/2018-06-27T18_41_19_439Z-debug.log
127 error
127 error     at Promise.all.then.arr (/usr/local/lib/node_modules/lerna/node_modules/execa/index.js:236:11)
127 error     at <anonymous>
